# JRE version: Java(TM) SE Runtime Environment (8.0_91-b15) (build 1.8.0_91-b15)
# Java VM: Java HotSpot(TM) 64-Bit Server VM (25.91-b15 mixed mode windows-amd64 compressed oops)
Heap:
 PSYoungGen      total 401920K, used 1392K [0x00000000d5580000, 0x00000000f1300000, 0x0000000100000000)
  eden space 361472K, 0% used [0x00000000d5580000,0x00000000d5580000,0x00000000eb680000)
  from space 40448K, 3% used [0x00000000eb680000,0x00000000eb7dc010,0x00000000ede00000)
  to   space 33792K, 0% used [0x00000000ede00000,0x00000000ede00000,0x00000000eff00000)
 ParOldGen       total 154112K, used 91145K [0x0000000080000000, 0x0000000089680000, 0x00000000d5580000)
  object space 154112K, 59% used [0x0000000080000000,0x00000000859027c8,0x0000000089680000)
 Metaspace       used 101014K, capacity 105984K, committed 106624K, reserved 1144832K
  class space    used 13611K, capacity 14576K, committed 14720K, reserved 1048576K
GC Heap History (10 events):
Event: 85.078 GC heap after
Heap after GC invocations=16 (full 3):
 PSYoungGen      total 269824K, used 22773K [0x00000000d5580000, 0x00000000ebe80000, 0x0000000100000000)
  eden space 246272K, 0% used [0x00000000d5580000,0x00000000d5580000,0x00000000e4600000)
  from space 23552K, 96% used [0x00000000e4600000,0x00000000e5c3d588,0x00000000e5d00000)
  to   space 26624K, 0% used [0x00000000ea480000,0x00000000ea480000,0x00000000ebe80000)
 ParOldGen       total 107520K, used 52970K [0x0000000080000000, 0x0000000086900000, 0x00000000d5580000)
  object space 107520K, 49% used [0x0000000080000000,0x00000000833baa38,0x0000000086900000)
 Metaspace       used 79874K, capacity 83568K, committed 83712K, reserved 1122304K
  class space    used 10995K, capacity 11737K, committed 11776K, reserved 1048576K
}
Event: 686.275 GC heap before
{Heap before GC invocations=17 (full 3):
 PSYoungGen      total 269824K, used 269045K [0x00000000d5580000, 0x00000000ebe80000, 0x0000000100000000)
  eden space 246272K, 100% used [0x00000000d5580000,0x00000000e4600000,0x00000000e4600000)
  from space 23552K, 96% used [0x00000000e4600000,0x00000000e5c3d588,0x00000000e5d00000)
  to   space 26624K, 0% used [0x00000000ea480000,0x00000000ea480000,0x00000000ebe80000)
 ParOldGen       total 107520K, used 52970K [0x0000000080000000, 0x0000000086900000, 0x00000000d5580000)
  object space 107520K, 49% used [0x0000000080000000,0x00000000833baa38,0x0000000086900000)
 Metaspace       used 88726K, capacity 93170K, committed 93440K, reserved 1130496K
  class space    used 12059K, capacity 12961K, committed 13056K, reserved 1048576K
Event: 686.363 GC heap after
Heap after GC invocations=17 (full 3):
 PSYoungGen      total 332800K, used 26607K [0x00000000d5580000, 0x00000000ec480000, 0x0000000100000000)
  eden space 306176K, 0% used [0x00000000d5580000,0x00000000d5580000,0x00000000e8080000)
  from space 26624K, 99% used [0x00000000ea480000,0x00000000ebe7bda0,0x00000000ebe80000)
  to   space 34816K, 0% used [0x00000000e8080000,0x00000000e8080000,0x00000000ea280000)
 ParOldGen       total 107520K, used 64103K [0x0000000080000000, 0x0000000086900000, 0x00000000d5580000)
  object space 107520K, 59% used [0x0000000080000000,0x0000000083e99f10,0x0000000086900000)
 Metaspace       used 88726K, capacity 93170K, committed 93440K, reserved 1130496K
  class space    used 12059K, capacity 12961K, committed 13056K, reserved 1048576K
}
Event: 6294.463 GC heap before
{Heap before GC invocations=18 (full 3):
 PSYoungGen      total 332800K, used 326733K [0x00000000d5580000, 0x00000000ec480000, 0x0000000100000000)
  eden space 306176K, 98% used [0x00000000d5580000,0x00000000e7a979d0,0x00000000e8080000)
  from space 26624K, 99% used [0x00000000ea480000,0x00000000ebe7bda0,0x00000000ebe80000)
  to   space 34816K, 0% used [0x00000000e8080000,0x00000000e8080000,0x00000000ea280000)
 ParOldGen       total 107520K, used 64103K [0x0000000080000000, 0x0000000086900000, 0x00000000d5580000)
  object space 107520K, 59% used [0x0000000080000000,0x0000000083e99f10,0x0000000086900000)
 Metaspace       used 93511K, capacity 98428K, committed 98560K, reserved 1134592K
  class space    used 12585K, capacity 13540K, committed 13568K, reserved 1048576K
Event: 6294.526 GC heap after
Heap after GC invocations=18 (full 3):
 PSYoungGen      total 340992K, used 17209K [0x00000000d5580000, 0x00000000eff00000, 0x0000000100000000)
  eden space 306176K, 0% used [0x00000000d5580000,0x00000000d5580000,0x00000000e8080000)
  from space 34816K, 49% used [0x00000000e8080000,0x00000000e914e618,0x00000000ea280000)
  to   space 33792K, 0% used [0x00000000ede00000,0x00000000ede00000,0x00000000eff00000)
 ParOldGen       total 107520K, used 89518K [0x0000000080000000, 0x0000000086900000, 0x00000000d5580000)
  object space 107520K, 83% used [0x0000000080000000,0x000000008576bb80,0x0000000086900000)
 Metaspace       used 93511K, capacity 98428K, committed 98560K, reserved 1134592K
  class space    used 12585K, capacity 13540K, committed 13568K, reserved 1048576K
}
Event: 6294.526 GC heap before
{Heap before GC invocations=19 (full 4):
 PSYoungGen      total 340992K, used 17209K [0x00000000d5580000, 0x00000000eff00000, 0x0000000100000000)
  eden space 306176K, 0% used [0x00000000d5580000,0x00000000d5580000,0x00000000e8080000)
  from space 34816K, 49% used [0x00000000e8080000,0x00000000e914e618,0x00000000ea280000)
  to   space 33792K, 0% used [0x00000000ede00000,0x00000000ede00000,0x00000000eff00000)
 ParOldGen       total 107520K, used 89518K [0x0000000080000000, 0x0000000086900000, 0x00000000d5580000)
  object space 107520K, 83% used [0x0000000080000000,0x000000008576bb80,0x0000000086900000)
 Metaspace       used 93511K, capacity 98428K, committed 98560K, reserved 1134592K
  class space    used 12585K, capacity 13540K, committed 13568K, reserved 1048576K
Event: 6294.840 GC heap after
Heap after GC invocations=19 (full 4):
 PSYoungGen      total 340992K, used 0K [0x00000000d5580000, 0x00000000eff00000, 0x0000000100000000)
  eden space 306176K, 0% used [0x00000000d5580000,0x00000000d5580000,0x00000000e8080000)
  from space 34816K, 0% used [0x00000000e8080000,0x00000000e8080000,0x00000000ea280000)
  to   space 33792K, 0% used [0x00000000ede00000,0x00000000ede00000,0x00000000eff00000)
 ParOldGen       total 154112K, used 56613K [0x0000000080000000, 0x0000000089680000, 0x00000000d5580000)
  object space 154112K, 36% used [0x0000000080000000,0x0000000083749658,0x0000000089680000)
 Metaspace       used 92253K, capacity 96274K, committed 98560K, reserved 1134592K
  class space    used 12351K, capacity 13129K, committed 13568K, reserved 1048576K
}
Event: 6301.556 GC heap before
{Heap before GC invocations=20 (full 4):
 PSYoungGen      total 340992K, used 306168K [0x00000000d5580000, 0x00000000eff00000, 0x0000000100000000)
  eden space 306176K, 99% used [0x00000000d5580000,0x00000000e807e2b8,0x00000000e8080000)
  from space 34816K, 0% used [0x00000000e8080000,0x00000000e8080000,0x00000000ea280000)
  to   space 33792K, 0% used [0x00000000ede00000,0x00000000ede00000,0x00000000eff00000)
 ParOldGen       total 154112K, used 56613K [0x0000000080000000, 0x0000000089680000, 0x00000000d5580000)
  object space 154112K, 36% used [0x0000000080000000,0x0000000083749658,0x0000000089680000)
 Metaspace       used 99785K, capacity 104692K, committed 105472K, reserved 1140736K
  class space    used 13525K, capacity 14464K, committed 14592K, reserved 1048576K
Event: 6301.610 GC heap after
Heap after GC invocations=20 (full 4):
 PSYoungGen      total 395264K, used 33780K [0x00000000d5580000, 0x00000000f1300000, 0x0000000100000000)
  eden space 361472K, 0% used [0x00000000d5580000,0x00000000d5580000,0x00000000eb680000)
  from space 33792K, 99% used [0x00000000ede00000,0x00000000efefd3b0,0x00000000eff00000)
  to   space 40448K, 0% used [0x00000000eb680000,0x00000000eb680000,0x00000000ede00000)
 ParOldGen       total 154112K, used 60642K [0x0000000080000000, 0x0000000089680000, 0x00000000d5580000)
  object space 154112K, 39% used [0x0000000080000000,0x0000000083b38a18,0x0000000089680000)
 Metaspace       used 99785K, capacity 104692K, committed 105472K, reserved 1140736K
  class space    used 13525K, capacity 14464K, committed 14592K, reserved 1048576K
}
Event: 6302.848 GC heap before
{Heap before GC invocations=21 (full 4):
 PSYoungGen      total 395264K, used 132987K [0x00000000d5580000, 0x00000000f1300000, 0x0000000100000000)
  eden space 361472K, 27% used [0x00000000d5580000,0x00000000db661be0,0x00000000eb680000)
  from space 33792K, 99% used [0x00000000ede00000,0x00000000efefd3b0,0x00000000eff00000)
  to   space 40448K, 0% used [0x00000000eb680000,0x00000000eb680000,0x00000000ede00000)
 ParOldGen       total 154112K, used 60642K [0x0000000080000000, 0x0000000089680000, 0x00000000d5580000)
  object space 154112K, 39% used [0x0000000080000000,0x0000000083b38a18,0x0000000089680000)
 Metaspace       used 101014K, capacity 105984K, committed 106624K, reserved 1144832K
  class space    used 13611K, capacity 14576K, committed 14720K, reserved 1048576K

