# JRE version: Java(TM) SE Runtime Environment (8.0_91-b15) (build 1.8.0_91-b15)
# Java VM: Java HotSpot(TM) 64-Bit Server VM (25.91-b15 mixed mode windows-amd64 compressed oops)
Heap:
 PSYoungGen      total 602112K, used 219098K [0x00000000d5580000, 0x00000000fc600000, 0x0000000100000000)
  eden space 577024K, 33% used [0x00000000d5580000,0x00000000e13dd3d0,0x00000000f8900000)
  from space 25088K, 96% used [0x00000000fad80000,0x00000000fc519730,0x00000000fc600000)
  to   space 31232K, 0% used [0x00000000f8900000,0x00000000f8900000,0x00000000fa780000)
 ParOldGen       total 180736K, used 91480K [0x0000000080000000, 0x000000008b080000, 0x00000000d5580000)
  object space 180736K, 50% used [0x0000000080000000,0x00000000859560d0,0x000000008b080000)
 Metaspace       used 99657K, capacity 104804K, committed 105088K, reserved 1140736K
  class space    used 13471K, capacity 14391K, committed 14464K, reserved 1048576K
GC Heap History (10 events):
Event: 48.006 GC heap before
{Heap before GC invocations=24 (full 4):
 PSYoungGen      total 530944K, used 506089K [0x00000000d5580000, 0x00000000fce00000, 0x0000000100000000)
  eden space 495616K, 100% used [0x00000000d5580000,0x00000000f3980000,0x00000000f3980000)
  from space 35328K, 29% used [0x00000000f3980000,0x00000000f43ba648,0x00000000f5c00000)
  to   space 33280K, 0% used [0x00000000fad80000,0x00000000fad80000,0x00000000fce00000)
 ParOldGen       total 180736K, used 91456K [0x0000000080000000, 0x000000008b080000, 0x00000000d5580000)
  object space 180736K, 50% used [0x0000000080000000,0x00000000859500d0,0x000000008b080000)
 Metaspace       used 83134K, capacity 87558K, committed 88320K, reserved 1124352K
  class space    used 11534K, capacity 12354K, committed 12544K, reserved 1048576K
Event: 48.050 GC heap after
Heap after GC invocations=24 (full 4):
 PSYoungGen      total 602112K, used 10946K [0x00000000d5580000, 0x00000000fc600000, 0x0000000100000000)
  eden space 577024K, 0% used [0x00000000d5580000,0x00000000d5580000,0x00000000f8900000)
  from space 25088K, 43% used [0x00000000fad80000,0x00000000fb830810,0x00000000fc600000)
  to   space 31232K, 0% used [0x00000000f8900000,0x00000000f8900000,0x00000000fa780000)
 ParOldGen       total 180736K, used 91456K [0x0000000080000000, 0x000000008b080000, 0x00000000d5580000)
  object space 180736K, 50% used [0x0000000080000000,0x00000000859500d0,0x000000008b080000)
 Metaspace       used 83134K, capacity 87558K, committed 88320K, reserved 1124352K
  class space    used 11534K, capacity 12354K, committed 12544K, reserved 1048576K
}
Event: 50.924 GC heap before
{Heap before GC invocations=25 (full 4):
 PSYoungGen      total 602112K, used 587970K [0x00000000d5580000, 0x00000000fc600000, 0x0000000100000000)
  eden space 577024K, 100% used [0x00000000d5580000,0x00000000f8900000,0x00000000f8900000)
  from space 25088K, 43% used [0x00000000fad80000,0x00000000fb830810,0x00000000fc600000)
  to   space 31232K, 0% used [0x00000000f8900000,0x00000000f8900000,0x00000000fa780000)
 ParOldGen       total 180736K, used 91456K [0x0000000080000000, 0x000000008b080000, 0x00000000d5580000)
  object space 180736K, 50% used [0x0000000080000000,0x00000000859500d0,0x000000008b080000)
 Metaspace       used 83183K, capacity 87632K, committed 88320K, reserved 1124352K
  class space    used 11534K, capacity 12355K, committed 12544K, reserved 1048576K
Event: 50.959 GC heap after
Heap after GC invocations=25 (full 4):
 PSYoungGen      total 608256K, used 22493K [0x00000000d5580000, 0x00000000fc600000, 0x0000000100000000)
  eden space 577024K, 0% used [0x00000000d5580000,0x00000000d5580000,0x00000000f8900000)
  from space 31232K, 72% used [0x00000000f8900000,0x00000000f9ef7688,0x00000000fa780000)
  to   space 25088K, 0% used [0x00000000fad80000,0x00000000fad80000,0x00000000fc600000)
 ParOldGen       total 180736K, used 91456K [0x0000000080000000, 0x000000008b080000, 0x00000000d5580000)
  object space 180736K, 50% used [0x0000000080000000,0x00000000859500d0,0x000000008b080000)
 Metaspace       used 83183K, capacity 87632K, committed 88320K, reserved 1124352K
  class space    used 11534K, capacity 12355K, committed 12544K, reserved 1048576K
}
Event: 53.601 GC heap before
{Heap before GC invocations=26 (full 4):
 PSYoungGen      total 608256K, used 599517K [0x00000000d5580000, 0x00000000fc600000, 0x0000000100000000)
  eden space 577024K, 100% used [0x00000000d5580000,0x00000000f8900000,0x00000000f8900000)
  from space 31232K, 72% used [0x00000000f8900000,0x00000000f9ef7688,0x00000000fa780000)
  to   space 25088K, 0% used [0x00000000fad80000,0x00000000fad80000,0x00000000fc600000)
 ParOldGen       total 180736K, used 91456K [0x0000000080000000, 0x000000008b080000, 0x00000000d5580000)
  object space 180736K, 50% used [0x0000000080000000,0x00000000859500d0,0x000000008b080000)
 Metaspace       used 83213K, capacity 87632K, committed 88320K, reserved 1124352K
  class space    used 11534K, capacity 12355K, committed 12544K, reserved 1048576K
Event: 53.627 GC heap after
Heap after GC invocations=26 (full 4):
 PSYoungGen      total 602112K, used 12626K [0x00000000d5580000, 0x00000000fc600000, 0x0000000100000000)
  eden space 577024K, 0% used [0x00000000d5580000,0x00000000d5580000,0x00000000f8900000)
  from space 25088K, 50% used [0x00000000fad80000,0x00000000fb9d4950,0x00000000fc600000)
  to   space 31232K, 0% used [0x00000000f8900000,0x00000000f8900000,0x00000000fa780000)
 ParOldGen       total 180736K, used 91464K [0x0000000080000000, 0x000000008b080000, 0x00000000d5580000)
  object space 180736K, 50% used [0x0000000080000000,0x00000000859520d0,0x000000008b080000)
 Metaspace       used 83213K, capacity 87632K, committed 88320K, reserved 1124352K
  class space    used 11534K, capacity 12355K, committed 12544K, reserved 1048576K
}
Event: 56.896 GC heap before
{Heap before GC invocations=27 (full 4):
 PSYoungGen      total 602112K, used 589650K [0x00000000d5580000, 0x00000000fc600000, 0x0000000100000000)
  eden space 577024K, 100% used [0x00000000d5580000,0x00000000f8900000,0x00000000f8900000)
  from space 25088K, 50% used [0x00000000fad80000,0x00000000fb9d4950,0x00000000fc600000)
  to   space 31232K, 0% used [0x00000000f8900000,0x00000000f8900000,0x00000000fa780000)
 ParOldGen       total 180736K, used 91464K [0x0000000080000000, 0x000000008b080000, 0x00000000d5580000)
  object space 180736K, 50% used [0x0000000080000000,0x00000000859520d0,0x000000008b080000)
 Metaspace       used 83709K, capacity 88206K, committed 88960K, reserved 1126400K
  class space    used 11584K, capacity 12402K, committed 12672K, reserved 1048576K
Event: 56.931 GC heap after
Heap after GC invocations=27 (full 4):
 PSYoungGen      total 608256K, used 23255K [0x00000000d5580000, 0x00000000fc600000, 0x0000000100000000)
  eden space 577024K, 0% used [0x00000000d5580000,0x00000000d5580000,0x00000000f8900000)
  from space 31232K, 74% used [0x00000000f8900000,0x00000000f9fb5f40,0x00000000fa780000)
  to   space 25088K, 0% used [0x00000000fad80000,0x00000000fad80000,0x00000000fc600000)
 ParOldGen       total 180736K, used 91472K [0x0000000080000000, 0x000000008b080000, 0x00000000d5580000)
  object space 180736K, 50% used [0x0000000080000000,0x00000000859540d0,0x000000008b080000)
 Metaspace       used 83709K, capacity 88206K, committed 88960K, reserved 1126400K
  class space    used 11584K, capacity 12402K, committed 12672K, reserved 1048576K
}
Event: 95.822 GC heap before
{Heap before GC invocations=28 (full 4):
 PSYoungGen      total 608256K, used 600279K [0x00000000d5580000, 0x00000000fc600000, 0x0000000100000000)
  eden space 577024K, 100% used [0x00000000d5580000,0x00000000f8900000,0x00000000f8900000)
  from space 31232K, 74% used [0x00000000f8900000,0x00000000f9fb5f40,0x00000000fa780000)
  to   space 25088K, 0% used [0x00000000fad80000,0x00000000fad80000,0x00000000fc600000)
 ParOldGen       total 180736K, used 91472K [0x0000000080000000, 0x000000008b080000, 0x00000000d5580000)
  object space 180736K, 50% used [0x0000000080000000,0x00000000859540d0,0x000000008b080000)
 Metaspace       used 94416K, capacity 99194K, committed 99456K, reserved 1134592K
  class space    used 12732K, capacity 13571K, committed 13696K, reserved 1048576K
Event: 95.872 GC heap after
Heap after GC invocations=28 (full 4):
 PSYoungGen      total 602112K, used 24165K [0x00000000d5580000, 0x00000000fc600000, 0x0000000100000000)
  eden space 577024K, 0% used [0x00000000d5580000,0x00000000d5580000,0x00000000f8900000)
  from space 25088K, 96% used [0x00000000fad80000,0x00000000fc519730,0x00000000fc600000)
  to   space 31232K, 0% used [0x00000000f8900000,0x00000000f8900000,0x00000000fa780000)
 ParOldGen       total 180736K, used 91480K [0x0000000080000000, 0x000000008b080000, 0x00000000d5580000)
  object space 180736K, 50% used [0x0000000080000000,0x00000000859560d0,0x000000008b080000)
 Metaspace       used 94416K, capacity 99194K, committed 99456K, reserved 1134592K
  class space    used 12732K, capacity 13571K, committed 13696K, reserved 1048576K
}

